#! /c/Source/iverilog-install/bin/vvp
:ivl_version "12.0 (devel)" "(s20150603-1110-g18392a46)";
:ivl_delay_selection "TYPICAL";
:vpi_time_precision + 0;
:vpi_module "C:\iverilog\lib\ivl\system.vpi";
:vpi_module "C:\iverilog\lib\ivl\vhdl_sys.vpi";
:vpi_module "C:\iverilog\lib\ivl\vhdl_textio.vpi";
:vpi_module "C:\iverilog\lib\ivl\v2005_math.vpi";
:vpi_module "C:\iverilog\lib\ivl\va_math.vpi";
S_00000261bd17dd20 .scope module, "Processor" "Processor" 2 1;
 .timescale 0 0;
    .port_info 0 /INPUT 1 "clk";
    .port_info 1 /INPUT 1 "reset";
P_00000261bce96970 .param/l "add" 0 2 27, C4<00000>;
P_00000261bce969a8 .param/l "and_" 0 2 33, C4<00110>;
P_00000261bce969e0 .param/l "asr" 0 2 39, C4<01100>;
P_00000261bce96a18 .param/l "b" 0 2 45, C4<10010>;
P_00000261bce96a50 .param/l "beq" 0 2 43, C4<10000>;
P_00000261bce96a88 .param/l "bgt" 0 2 44, C4<10001>;
P_00000261bce96ac0 .param/l "call" 0 2 46, C4<10011>;
P_00000261bce96af8 .param/l "cmp" 0 2 32, C4<00101>;
P_00000261bce96b30 .param/l "div" 0 2 30, C4<00011>;
P_00000261bce96b68 .param/l "ld" 0 2 41, C4<01110>;
P_00000261bce96ba0 .param/l "lsl" 0 2 37, C4<01010>;
P_00000261bce96bd8 .param/l "lsr" 0 2 38, C4<01011>;
P_00000261bce96c10 .param/l "mod" 0 2 31, C4<00100>;
P_00000261bce96c48 .param/l "mov" 0 2 36, C4<01001>;
P_00000261bce96c80 .param/l "mul" 0 2 29, C4<00010>;
P_00000261bce96cb8 .param/l "nop" 0 2 40, C4<01101>;
P_00000261bce96cf0 .param/l "not_" 0 2 35, C4<01000>;
P_00000261bce96d28 .param/l "or_" 0 2 34, C4<00111>;
P_00000261bce96d60 .param/l "ret" 0 2 47, C4<10100>;
P_00000261bce96d98 .param/l "st" 0 2 42, C4<01111>;
P_00000261bce96dd0 .param/l "sub" 0 2 28, C4<00001>;
L_00000261bd139800 .functor AND 1, v00000261bd1ee7e0_0, v00000261bd1ee560_0, C4<1>, C4<1>;
L_00000261bd13a590 .functor AND 1, v00000261bd1efdc0_0, v00000261bd1ef0a0_0, C4<1>, C4<1>;
L_00000261bd139720 .functor OR 1, L_00000261bd139800, L_00000261bd13a590, C4<0>, C4<0>;
L_00000261bd139790 .functor OR 1, L_00000261bd139720, v00000261bd1efbe0_0, C4<0>, C4<0>;
v00000261bd18c1c0_0 .var "EX_MA", 136 0;
v00000261bd18cd00_0 .var "IF_OF", 63 0;
v00000261bd18c580_0 .var "MA_RW", 136 0;
v00000261bd18c4e0_0 .var "OF_EX", 200 0;
v00000261bd18cbc0_0 .net *"_ivl_0", 0 0, L_00000261bd139800;  1 drivers
v00000261bd18cc60_0 .net *"_ivl_2", 0 0, L_00000261bd13a590;  1 drivers
v00000261bd18cda0_0 .net *"_ivl_4", 0 0, L_00000261bd139720;  1 drivers
v00000261bd18c760_0 .var "addr", 31 0;
v00000261bd18c800_0 .var "addr2", 31 0;
v00000261bd18c260_0 .var "addr3", 31 0;
v00000261bd18c940_0 .var "aluresult", 31 0;
v00000261bd18c9e0_0 .var "branch", 31 0;
v00000261bd18c300_0 .var "branchtarget", 31 0;
v00000261bd1ef6e0_0 .net "buffer", 31 0, v00000261bd18bfe0_0;  1 drivers
v00000261bd1ef780_0 .net "buffer2", 31 0, v00000261bd18ce40_0;  1 drivers
o00000261bd1974f8 .functor BUFZ 1, C4<z>; HiZ drive
v00000261bd1ef320_0 .net "clk", 0 0, o00000261bd1974f8;  0 drivers
v00000261bd1ef820_0 .var "data", 31 0;
v00000261bd1ee560_0 .var "flag_E", 0 0;
v00000261bd1ef0a0_0 .var "flag_GT", 0 0;
v00000261bd1ee060_0 .var "immx", 31 0;
v00000261bd1ee7e0_0 .var "isBeq", 0 0;
v00000261bd1efdc0_0 .var "isBgt", 0 0;
v00000261bd1ef1e0_0 .var "isCall", 0 0;
v00000261bd1ee100_0 .var "isImm", 0 0;
v00000261bd1eec40_0 .var "isLd", 0 0;
v00000261bd1efb40_0 .var "isRet", 0 0;
v00000261bd1ee1a0_0 .var "isSt", 0 0;
v00000261bd1efbe0_0 .var "isUbranch", 0 0;
v00000261bd1ef8c0_0 .var "isWb", 0 0;
v00000261bd1ef280_0 .var "isWb_", 0 0;
v00000261bd1efc80_0 .net "isbranchtaken", 0 0, L_00000261bd139790;  1 drivers
v00000261bd1ef3c0_0 .var "latch", 159 0;
v00000261bd1ef140_0 .var "pc", 31 0;
v00000261bd1ef960 .array "r", 16 0, 31 0;
o00000261bd197828 .functor BUFZ 1, C4<z>; HiZ drive
v00000261bd1efa00_0 .net "reset", 0 0, o00000261bd197828;  0 drivers
v00000261bd1ee740_0 .var "temp1", 31 0;
v00000261bd1ee240_0 .var "temp2", 31 0;
v00000261bd1ee2e0_0 .var "temp3", 104 0;
v00000261bd1eff00_0 .var "update_address", 3 0;
v00000261bd1efaa0_0 .var "update_data", 31 0;
v00000261bd1ef500_0 .var "write", 0 0;
E_00000261bd1874e0 .event negedge, v00000261bd1ef320_0;
E_00000261bd187660 .event posedge, v00000261bd1ef320_0;
E_00000261bd1870e0 .event posedge, v00000261bd1efa00_0, v00000261bd1ef320_0;
S_00000261bd17deb0 .scope module, "R1" "Ram" 2 14, 2 350 0, S_00000261bd17dd20;
 .timescale 0 0;
    .port_info 0 /INPUT 32 "addr";
    .port_info 1 /INPUT 32 "addr2";
    .port_info 2 /INPUT 32 "addr3";
    .port_info 3 /INPUT 1 "write";
    .port_info 4 /INPUT 32 "data";
    .port_info 5 /OUTPUT 32 "out";
    .port_info 6 /OUTPUT 32 "out2";
v00000261bd18c120 .array "Mem", 32767 0, 31 0;
v00000261bd18c3a0_0 .net *"_ivl_2", 31 0, L_00000261bd1efd20;  1 drivers
v00000261bd18cb20_0 .net *"_ivl_7", 31 0, L_00000261bd1eea60;  1 drivers
v00000261bd18c6c0_0 .net "addr", 31 0, v00000261bd18c760_0;  1 drivers
v00000261bd18c8a0_0 .net "addr2", 31 0, v00000261bd18c800_0;  1 drivers
v00000261bd18c440_0 .net "addr3", 31 0, v00000261bd18c260_0;  1 drivers
v00000261bd18ca80_0 .net "data", 31 0, v00000261bd1ef820_0;  1 drivers
v00000261bd18bfe0_0 .var "out", 31 0;
v00000261bd18ce40_0 .var "out2", 31 0;
v00000261bd18c080_0 .net "write", 0 0, v00000261bd1ef500_0;  1 drivers
E_00000261bd187620 .event posedge, v00000261bd18c080_0;
E_00000261bd187f60 .event anyedge, L_00000261bd1eea60, v00000261bd18c440_0;
E_00000261bd1872a0 .event anyedge, L_00000261bd1efd20, v00000261bd18c6c0_0;
L_00000261bd1efd20 .array/port v00000261bd18c120, v00000261bd18c760_0;
L_00000261bd1eea60 .array/port v00000261bd18c120, v00000261bd18c260_0;
    .scope S_00000261bd17deb0;
T_0 ;
    %wait E_00000261bd1872a0;
    %ix/getv 4, v00000261bd18c6c0_0;
    %load/vec4a v00000261bd18c120, 4;
    %assign/vec4 v00000261bd18bfe0_0, 0;
    %jmp T_0;
    .thread T_0, $push;
    .scope S_00000261bd17deb0;
T_1 ;
    %wait E_00000261bd187f60;
    %ix/getv 4, v00000261bd18c440_0;
    %load/vec4a v00000261bd18c120, 4;
    %assign/vec4 v00000261bd18ce40_0, 0;
    %jmp T_1;
    .thread T_1, $push;
    .scope S_00000261bd17deb0;
T_2 ;
    %wait E_00000261bd187620;
    %load/vec4 v00000261bd18c080_0;
    %flag_set/vec4 8;
    %jmp/0xz  T_2.0, 8;
    %load/vec4 v00000261bd18ca80_0;
    %ix/getv 3, v00000261bd18c8a0_0;
    %ix/load 4, 0, 0; Constant delay
    %assign/vec4/a/d v00000261bd18c120, 0, 4;
T_2.0 ;
    %jmp T_2;
    .thread T_2;
    .scope S_00000261bd17dd20;
T_3 ;
    %wait E_00000261bd1870e0;
    %load/vec4 v00000261bd1efa00_0;
    %flag_set/vec4 8;
    %jmp/0xz  T_3.0, 8;
    %pushi/vec4 0, 0, 1;
    %assign/vec4 v00000261bd1ee560_0, 0;
    %pushi/vec4 0, 0, 1;
    %assign/vec4 v00000261bd1ef0a0_0, 0;
    %pushi/vec4 0, 0, 32;
    %ix/load 3, 0, 0;
    %flag_set/imm 4, 0;
    %ix/load 4, 0, 0; Constant delay
    %assign/vec4/a/d v00000261bd1ef960, 0, 4;
    %pushi/vec4 0, 0, 32;
    %ix/load 3, 1, 0;
    %flag_set/imm 4, 0;
    %ix/load 4, 0, 0; Constant delay
    %assign/vec4/a/d v00000261bd1ef960, 0, 4;
    %pushi/vec4 0, 0, 32;
    %ix/load 3, 2, 0;
    %flag_set/imm 4, 0;
    %ix/load 4, 0, 0; Constant delay
    %assign/vec4/a/d v00000261bd1ef960, 0, 4;
    %pushi/vec4 0, 0, 32;
    %ix/load 3, 3, 0;
    %flag_set/imm 4, 0;
    %ix/load 4, 0, 0; Constant delay
    %assign/vec4/a/d v00000261bd1ef960, 0, 4;
    %pushi/vec4 0, 0, 32;
    %ix/load 3, 4, 0;
    %flag_set/imm 4, 0;
    %ix/load 4, 0, 0; Constant delay
    %assign/vec4/a/d v00000261bd1ef960, 0, 4;
    %pushi/vec4 0, 0, 32;
    %ix/load 3, 5, 0;
    %flag_set/imm 4, 0;
    %ix/load 4, 0, 0; Constant delay
    %assign/vec4/a/d v00000261bd1ef960, 0, 4;
    %pushi/vec4 0, 0, 32;
    %ix/load 3, 6, 0;
    %flag_set/imm 4, 0;
    %ix/load 4, 0, 0; Constant delay
    %assign/vec4/a/d v00000261bd1ef960, 0, 4;
    %pushi/vec4 0, 0, 32;
    %ix/load 3, 7, 0;
    %flag_set/imm 4, 0;
    %ix/load 4, 0, 0; Constant delay
    %assign/vec4/a/d v00000261bd1ef960, 0, 4;
    %pushi/vec4 0, 0, 32;
    %ix/load 3, 8, 0;
    %flag_set/imm 4, 0;
    %ix/load 4, 0, 0; Constant delay
    %assign/vec4/a/d v00000261bd1ef960, 0, 4;
    %pushi/vec4 0, 0, 32;
    %ix/load 3, 9, 0;
    %flag_set/imm 4, 0;
    %ix/load 4, 0, 0; Constant delay
    %assign/vec4/a/d v00000261bd1ef960, 0, 4;
    %pushi/vec4 0, 0, 32;
    %ix/load 3, 10, 0;
    %flag_set/imm 4, 0;
    %ix/load 4, 0, 0; Constant delay
    %assign/vec4/a/d v00000261bd1ef960, 0, 4;
    %pushi/vec4 0, 0, 32;
    %ix/load 3, 11, 0;
    %flag_set/imm 4, 0;
    %ix/load 4, 0, 0; Constant delay
    %assign/vec4/a/d v00000261bd1ef960, 0, 4;
    %pushi/vec4 0, 0, 32;
    %ix/load 3, 12, 0;
    %flag_set/imm 4, 0;
    %ix/load 4, 0, 0; Constant delay
    %assign/vec4/a/d v00000261bd1ef960, 0, 4;
    %pushi/vec4 0, 0, 32;
    %ix/load 3, 13, 0;
    %flag_set/imm 4, 0;
    %ix/load 4, 0, 0; Constant delay
    %assign/vec4/a/d v00000261bd1ef960, 0, 4;
    %pushi/vec4 0, 0, 32;
    %ix/load 3, 14, 0;
    %flag_set/imm 4, 0;
    %ix/load 4, 0, 0; Constant delay
    %assign/vec4/a/d v00000261bd1ef960, 0, 4;
    %pushi/vec4 0, 0, 32;
    %ix/load 3, 15, 0;
    %flag_set/imm 4, 0;
    %ix/load 4, 0, 0; Constant delay
    %assign/vec4/a/d v00000261bd1ef960, 0, 4;
    %pushi/vec4 0, 0, 1;
    %assign/vec4 v00000261bd1ef8c0_0, 0;
    %pushi/vec4 0, 0, 1;
    %assign/vec4 v00000261bd1ee7e0_0, 0;
    %pushi/vec4 0, 0, 1;
    %assign/vec4 v00000261bd1efdc0_0, 0;
    %pushi/vec4 0, 0, 1;
    %assign/vec4 v00000261bd1ef1e0_0, 0;
    %pushi/vec4 0, 0, 1;
    %assign/vec4 v00000261bd1ee100_0, 0;
    %pushi/vec4 0, 0, 1;
    %assign/vec4 v00000261bd1eec40_0, 0;
    %pushi/vec4 0, 0, 1;
    %assign/vec4 v00000261bd1efb40_0, 0;
    %pushi/vec4 0, 0, 1;
    %assign/vec4 v00000261bd1ee1a0_0, 0;
    %pushi/vec4 0, 0, 1;
    %assign/vec4 v00000261bd1efbe0_0, 0;
    %pushi/vec4 0, 0, 32;
    %assign/vec4 v00000261bd1ef140_0, 0;
T_3.0 ;
    %jmp T_3;
    .thread T_3;
    .scope S_00000261bd17dd20;
T_4 ;
    %wait E_00000261bd187660;
    %load/vec4 v00000261bd1efa00_0;
    %nor/r;
    %flag_set/vec4 8;
    %jmp/0xz  T_4.0, 8;
    %load/vec4 v00000261bd1ef140_0;
    %assign/vec4 v00000261bd18c760_0, 0;
T_4.0 ;
    %jmp T_4;
    .thread T_4;
    .scope S_00000261bd17dd20;
T_5 ;
    %wait E_00000261bd1874e0;
    %load/vec4 v00000261bd1efa00_0;
    %nor/r;
    %flag_set/vec4 8;
    %jmp/0xz  T_5.0, 8;
    %load/vec4 v00000261bd18c760_0;
    %ix/load 4, 32, 0;
    %flag_set/imm 4, 0;
    %store/vec4 v00000261bd18cd00_0, 4, 32;
    %load/vec4 v00000261bd1ef6e0_0;
    %ix/load 4, 0, 0;
    %flag_set/imm 4, 0;
    %store/vec4 v00000261bd18cd00_0, 4, 32;
    %load/vec4 v00000261bd1efc80_0;
    %pad/u 32;
    %cmpi/e 0, 0, 32;
    %flag_mov 8, 4;
    %jmp/0 T_5.2, 8;
    %load/vec4 v00000261bd1ef140_0;
    %addi 1, 0, 32;
    %jmp/1 T_5.3, 8;
T_5.2 ; End of true expr.
    %load/vec4 v00000261bd18c300_0;
    %jmp/0 T_5.3, 8;
 ; End of false expr.
    %blend;
T_5.3;
    %assign/vec4 v00000261bd1ef140_0, 0;
T_5.0 ;
    %jmp T_5;
    .thread T_5;
    .scope S_00000261bd17dd20;
T_6 ;
    %wait E_00000261bd187660;
    %load/vec4 v00000261bd1efa00_0;
    %nor/r;
    %flag_set/vec4 8;
    %jmp/0xz  T_6.0, 8;
    %load/vec4 v00000261bd18cd00_0;
    %parti/s 1, 26, 6;
    %assign/vec4 v00000261bd1ee100_0, 0;
    %load/vec4 v00000261bd18cd00_0;
    %parti/s 5, 27, 6;
    %cmpi/e 15, 0, 5;
    %jmp/0xz  T_6.2, 4;
    %pushi/vec4 1, 0, 1;
    %assign/vec4 v00000261bd1ee1a0_0, 0;
    %jmp T_6.3;
T_6.2 ;
    %pushi/vec4 0, 0, 1;
    %assign/vec4 v00000261bd1ee1a0_0, 0;
T_6.3 ;
    %load/vec4 v00000261bd18cd00_0;
    %parti/s 5, 27, 6;
    %cmpi/e 14, 0, 5;
    %jmp/0xz  T_6.4, 4;
    %pushi/vec4 1, 0, 1;
    %assign/vec4 v00000261bd1eec40_0, 0;
    %jmp T_6.5;
T_6.4 ;
    %pushi/vec4 0, 0, 1;
    %assign/vec4 v00000261bd1eec40_0, 0;
T_6.5 ;
    %load/vec4 v00000261bd18cd00_0;
    %parti/s 5, 27, 6;
    %cmpi/e 20, 0, 5;
    %jmp/0xz  T_6.6, 4;
    %pushi/vec4 1, 0, 1;
    %assign/vec4 v00000261bd1efb40_0, 0;
    %jmp T_6.7;
T_6.6 ;
    %pushi/vec4 0, 0, 1;
    %assign/vec4 v00000261bd1efb40_0, 0;
T_6.7 ;
    %load/vec4 v00000261bd18cd00_0;
    %parti/s 5, 27, 6;
    %cmpi/e 16, 0, 5;
    %jmp/0xz  T_6.8, 4;
    %pushi/vec4 1, 0, 1;
    %assign/vec4 v00000261bd1ee7e0_0, 0;
    %jmp T_6.9;
T_6.8 ;
    %pushi/vec4 0, 0, 1;
    %assign/vec4 v00000261bd1ee7e0_0, 0;
T_6.9 ;
    %load/vec4 v00000261bd18cd00_0;
    %parti/s 5, 27, 6;
    %cmpi/e 17, 0, 5;
    %jmp/0xz  T_6.10, 4;
    %pushi/vec4 1, 0, 1;
    %assign/vec4 v00000261bd1efdc0_0, 0;
    %jmp T_6.11;
T_6.10 ;
    %pushi/vec4 0, 0, 1;
    %assign/vec4 v00000261bd1efdc0_0, 0;
T_6.11 ;
    %load/vec4 v00000261bd18cd00_0;
    %parti/s 5, 27, 6;
    %cmpi/e 18, 0, 5;
    %jmp/0xz  T_6.12, 4;
    %pushi/vec4 1, 0, 1;
    %assign/vec4 v00000261bd1efbe0_0, 0;
    %jmp T_6.13;
T_6.12 ;
    %pushi/vec4 0, 0, 1;
    %assign/vec4 v00000261bd1efbe0_0, 0;
T_6.13 ;
    %load/vec4 v00000261bd18cd00_0;
    %parti/s 5, 27, 6;
    %pushi/vec4 0, 0, 5;
    %cmp/e;
    %flag_get/vec4 4;
    %load/vec4 v00000261bd18cd00_0;
    %parti/s 5, 27, 6;
    %pushi/vec4 1, 0, 5;
    %cmp/e;
    %flag_get/vec4 4;
    %or;
    %load/vec4 v00000261bd18cd00_0;
    %parti/s 5, 27, 6;
    %pushi/vec4 2, 0, 5;
    %cmp/e;
    %flag_get/vec4 4;
    %or;
    %load/vec4 v00000261bd18cd00_0;
    %parti/s 5, 27, 6;
    %pushi/vec4 3, 0, 5;
    %cmp/e;
    %flag_get/vec4 4;
    %or;
    %load/vec4 v00000261bd18cd00_0;
    %parti/s 5, 27, 6;
    %pushi/vec4 6, 0, 5;
    %cmp/e;
    %flag_get/vec4 4;
    %or;
    %load/vec4 v00000261bd18cd00_0;
    %parti/s 5, 27, 6;
    %pushi/vec4 19, 0, 5;
    %cmp/e;
    %flag_get/vec4 4;
    %or;
    %load/vec4 v00000261bd18cd00_0;
    %parti/s 5, 27, 6;
    %pushi/vec4 7, 0, 5;
    %cmp/e;
    %flag_get/vec4 4;
    %or;
    %load/vec4 v00000261bd18cd00_0;
    %parti/s 5, 27, 6;
    %pushi/vec4 8, 0, 5;
    %cmp/e;
    %flag_get/vec4 4;
    %or;
    %load/vec4 v00000261bd18cd00_0;
    %parti/s 5, 27, 6;
    %pushi/vec4 9, 0, 5;
    %cmp/e;
    %flag_get/vec4 4;
    %or;
    %load/vec4 v00000261bd18cd00_0;
    %parti/s 5, 27, 6;
    %pushi/vec4 10, 0, 5;
    %cmp/e;
    %flag_get/vec4 4;
    %or;
    %load/vec4 v00000261bd18cd00_0;
    %parti/s 5, 27, 6;
    %pushi/vec4 11, 0, 5;
    %cmp/e;
    %flag_get/vec4 4;
    %or;
    %load/vec4 v00000261bd18cd00_0;
    %parti/s 5, 27, 6;
    %pushi/vec4 12, 0, 5;
    %cmp/e;
    %flag_get/vec4 4;
    %or;
    %load/vec4 v00000261bd18cd00_0;
    %parti/s 5, 27, 6;
    %pushi/vec4 14, 0, 5;
    %cmp/e;
    %flag_get/vec4 4;
    %or;
    %load/vec4 v00000261bd18cd00_0;
    %parti/s 5, 27, 6;
    %pushi/vec4 4, 0, 5;
    %cmp/e;
    %flag_get/vec4 4;
    %or;
    %flag_set/vec4 8;
    %jmp/0xz  T_6.14, 8;
    %pushi/vec4 1, 0, 1;
    %assign/vec4 v00000261bd1ef8c0_0, 0;
    %jmp T_6.15;
T_6.14 ;
    %pushi/vec4 0, 0, 1;
    %assign/vec4 v00000261bd1ef8c0_0, 0;
T_6.15 ;
    %load/vec4 v00000261bd18cd00_0;
    %parti/s 5, 27, 6;
    %cmpi/e 19, 0, 5;
    %jmp/0xz  T_6.16, 4;
    %pushi/vec4 1, 0, 1;
    %assign/vec4 v00000261bd1ef1e0_0, 0;
    %jmp T_6.17;
T_6.16 ;
    %pushi/vec4 0, 0, 1;
    %assign/vec4 v00000261bd1ef1e0_0, 0;
T_6.17 ;
    %load/vec4 v00000261bd18cd00_0;
    %parti/s 18, 0, 2;
    %ix/load 4, 0, 0;
    %ix/load 5, 0, 0;
    %flag_set/imm 4, 0;
    %assign/vec4/off/d v00000261bd1ee060_0, 4, 5;
    %load/vec4 v00000261bd18cd00_0;
    %parti/s 1, 17, 6;
    %load/vec4 v00000261bd18cd00_0;
    %parti/s 1, 17, 6;
    %concat/vec4; draw_concat_vec4
    %load/vec4 v00000261bd18cd00_0;
    %parti/s 1, 17, 6;
    %concat/vec4; draw_concat_vec4
    %load/vec4 v00000261bd18cd00_0;
    %parti/s 1, 17, 6;
    %concat/vec4; draw_concat_vec4
    %load/vec4 v00000261bd18cd00_0;
    %parti/s 1, 17, 6;
    %concat/vec4; draw_concat_vec4
    %load/vec4 v00000261bd18cd00_0;
    %parti/s 1, 17, 6;
    %concat/vec4; draw_concat_vec4
    %load/vec4 v00000261bd18cd00_0;
    %parti/s 1, 17, 6;
    %concat/vec4; draw_concat_vec4
    %load/vec4 v00000261bd18cd00_0;
    %parti/s 1, 17, 6;
    %concat/vec4; draw_concat_vec4
    %load/vec4 v00000261bd18cd00_0;
    %parti/s 1, 17, 6;
    %concat/vec4; draw_concat_vec4
    %load/vec4 v00000261bd18cd00_0;
    %parti/s 1, 17, 6;
    %concat/vec4; draw_concat_vec4
    %load/vec4 v00000261bd18cd00_0;
    %parti/s 1, 17, 6;
    %concat/vec4; draw_concat_vec4
    %load/vec4 v00000261bd18cd00_0;
    %parti/s 1, 17, 6;
    %concat/vec4; draw_concat_vec4
    %load/vec4 v00000261bd18cd00_0;
    %parti/s 1, 17, 6;
    %concat/vec4; draw_concat_vec4
    %load/vec4 v00000261bd18cd00_0;
    %parti/s 1, 17, 6;
    %concat/vec4; draw_concat_vec4
    %ix/load 4, 18, 0;
    %ix/load 5, 0, 0;
    %flag_set/imm 4, 0;
    %assign/vec4/off/d v00000261bd1ee060_0, 4, 5;
    %load/vec4 v00000261bd18cd00_0;
    %parti/s 27, 0, 2;
    %ix/load 4, 0, 0;
    %ix/load 5, 0, 0;
    %flag_set/imm 4, 0;
    %assign/vec4/off/d v00000261bd18c9e0_0, 4, 5;
    %pushi/vec4 0, 0, 5;
    %ix/load 4, 27, 0;
    %ix/load 5, 0, 0;
    %flag_set/imm 4, 0;
    %assign/vec4/off/d v00000261bd18c9e0_0, 4, 5;
    %load/vec4 v00000261bd18cd00_0;
    %parti/s 32, 0, 2;
    %assign/vec4 v00000261bd1ee740_0, 0;
    %load/vec4 v00000261bd18cd00_0;
    %parti/s 32, 32, 7;
    %assign/vec4 v00000261bd1ee240_0, 0;
T_6.0 ;
    %jmp T_6;
    .thread T_6;
    .scope S_00000261bd17dd20;
T_7 ;
    %wait E_00000261bd1874e0;
    %load/vec4 v00000261bd1efa00_0;
    %nor/r;
    %flag_set/vec4 8;
    %jmp/0xz  T_7.0, 8;
    %load/vec4 v00000261bd1eec40_0;
    %load/vec4 v00000261bd1ee1a0_0;
    %concat/vec4; draw_concat_vec4
    %load/vec4 v00000261bd1efb40_0;
    %concat/vec4; draw_concat_vec4
    %load/vec4 v00000261bd1ee7e0_0;
    %concat/vec4; draw_concat_vec4
    %load/vec4 v00000261bd1efdc0_0;
    %concat/vec4; draw_concat_vec4
    %load/vec4 v00000261bd1efbe0_0;
    %concat/vec4; draw_concat_vec4
    %load/vec4 v00000261bd1ee100_0;
    %concat/vec4; draw_concat_vec4
    %load/vec4 v00000261bd1ef1e0_0;
    %concat/vec4; draw_concat_vec4
    %load/vec4 v00000261bd1ef8c0_0;
    %concat/vec4; draw_concat_vec4
    %ix/load 4, 0, 0;
    %ix/load 5, 0, 0;
    %flag_set/imm 4, 0;
    %assign/vec4/off/d v00000261bd18c4e0_0, 4, 5;
    %load/vec4 v00000261bd1ee1a0_0;
    %pad/u 32;
    %cmpi/e 1, 0, 32;
    %flag_mov 8, 4;
    %jmp/0 T_7.2, 8;
    %load/vec4 v00000261bd1ee740_0;
    %parti/s 4, 22, 6;
    %pad/u 6;
    %ix/vec4 4;
    %load/vec4a v00000261bd1ef960, 4;
    %jmp/1 T_7.3, 8;
T_7.2 ; End of true expr.
    %load/vec4 v00000261bd1ee740_0;
    %parti/s 4, 14, 5;
    %pad/u 6;
    %ix/vec4 4;
    %load/vec4a v00000261bd1ef960, 4;
    %jmp/0 T_7.3, 8;
 ; End of false expr.
    %blend;
T_7.3;
    %ix/load 4, 41, 0;
    %ix/load 5, 0, 0;
    %flag_set/imm 4, 0;
    %assign/vec4/off/d v00000261bd18c4e0_0, 4, 5;
    %load/vec4 v00000261bd1efb40_0;
    %pad/u 32;
    %cmpi/e 1, 0, 32;
    %flag_mov 8, 4;
    %jmp/0 T_7.4, 8;
    %ix/load 4, 15, 0;
    %flag_set/imm 4, 0;
    %load/vec4a v00000261bd1ef960, 4;
    %jmp/1 T_7.5, 8;
T_7.4 ; End of true expr.
    %load/vec4 v00000261bd1ee740_0;
    %parti/s 4, 18, 6;
    %pad/u 6;
    %ix/vec4 4;
    %load/vec4a v00000261bd1ef960, 4;
    %jmp/0 T_7.5, 8;
 ; End of false expr.
    %blend;
T_7.5;
    %ix/load 4, 73, 0;
    %ix/load 5, 0, 0;
    %flag_set/imm 4, 0;
    %assign/vec4/off/d v00000261bd18c4e0_0, 4, 5;
    %load/vec4 v00000261bd1ee100_0;
    %pad/u 32;
    %cmpi/e 1, 0, 32;
    %flag_mov 8, 4;
    %jmp/0 T_7.6, 8;
    %load/vec4 v00000261bd1ee060_0;
    %jmp/1 T_7.7, 8;
T_7.6 ; End of true expr.
    %load/vec4 v00000261bd1ee1a0_0;
    %pad/u 32;
    %cmpi/e 1, 0, 32;
    %flag_mov 9, 4;
    %jmp/0 T_7.8, 9;
    %load/vec4 v00000261bd1ee740_0;
    %parti/s 4, 22, 6;
    %pad/u 6;
    %ix/vec4 4;
    %load/vec4a v00000261bd1ef960, 4;
    %jmp/1 T_7.9, 9;
T_7.8 ; End of true expr.
    %load/vec4 v00000261bd1ee740_0;
    %parti/s 4, 14, 5;
    %pad/u 6;
    %ix/vec4 4;
    %load/vec4a v00000261bd1ef960, 4;
    %jmp/0 T_7.9, 9;
 ; End of false expr.
    %blend;
T_7.9;
    %jmp/0 T_7.7, 8;
 ; End of false expr.
    %blend;
T_7.7;
    %ix/load 4, 105, 0;
    %ix/load 5, 0, 0;
    %flag_set/imm 4, 0;
    %assign/vec4/off/d v00000261bd18c4e0_0, 4, 5;
    %load/vec4 v00000261bd18c9e0_0;
    %ix/load 4, 137, 0;
    %ix/load 5, 0, 0;
    %flag_set/imm 4, 0;
    %assign/vec4/off/d v00000261bd18c4e0_0, 4, 5;
    %load/vec4 v00000261bd1ee740_0;
    %ix/load 4, 9, 0;
    %ix/load 5, 0, 0;
    %flag_set/imm 4, 0;
    %assign/vec4/off/d v00000261bd18c4e0_0, 4, 5;
    %load/vec4 v00000261bd1ee240_0;
    %ix/load 4, 169, 0;
    %ix/load 5, 0, 0;
    %flag_set/imm 4, 0;
    %assign/vec4/off/d v00000261bd18c4e0_0, 4, 5;
T_7.0 ;
    %jmp T_7;
    .thread T_7;
    .scope S_00000261bd17dd20;
T_8 ;
    %wait E_00000261bd187660;
    %load/vec4 v00000261bd1efa00_0;
    %nor/r;
    %flag_set/vec4 8;
    %jmp/0xz  T_8.0, 8;
    %load/vec4 v00000261bd18c4e0_0;
    %parti/s 5, 36, 7;
    %pushi/vec4 0, 0, 5;
    %cmp/e;
    %flag_get/vec4 4;
    %load/vec4 v00000261bd18c4e0_0;
    %parti/s 5, 36, 7;
    %pushi/vec4 14, 0, 5;
    %cmp/e;
    %flag_get/vec4 4;
    %or;
    %load/vec4 v00000261bd18c4e0_0;
    %parti/s 5, 36, 7;
    %pushi/vec4 15, 0, 5;
    %cmp/e;
    %flag_get/vec4 4;
    %or;
    %flag_set/vec4 8;
    %jmp/0xz  T_8.2, 8;
    %load/vec4 v00000261bd18c4e0_0;
    %parti/s 32, 105, 8;
    %load/vec4 v00000261bd18c4e0_0;
    %parti/s 32, 73, 8;
    %add;
    %assign/vec4 v00000261bd18c940_0, 0;
    %jmp T_8.3;
T_8.2 ;
    %load/vec4 v00000261bd18c4e0_0;
    %parti/s 5, 36, 7;
    %cmpi/e 1, 0, 5;
    %jmp/0xz  T_8.4, 4;
    %load/vec4 v00000261bd18c4e0_0;
    %parti/s 32, 73, 8;
    %load/vec4 v00000261bd18c4e0_0;
    %parti/s 32, 105, 8;
    %sub;
    %assign/vec4 v00000261bd18c940_0, 0;
    %jmp T_8.5;
T_8.4 ;
    %load/vec4 v00000261bd18c4e0_0;
    %parti/s 5, 36, 7;
    %cmpi/e 2, 0, 5;
    %jmp/0xz  T_8.6, 4;
    %load/vec4 v00000261bd18c4e0_0;
    %parti/s 32, 105, 8;
    %load/vec4 v00000261bd18c4e0_0;
    %parti/s 32, 73, 8;
    %mul;
    %assign/vec4 v00000261bd18c940_0, 0;
    %jmp T_8.7;
T_8.6 ;
    %load/vec4 v00000261bd18c4e0_0;
    %parti/s 5, 36, 7;
    %cmpi/e 3, 0, 5;
    %jmp/0xz  T_8.8, 4;
    %load/vec4 v00000261bd18c4e0_0;
    %parti/s 32, 73, 8;
    %load/vec4 v00000261bd18c4e0_0;
    %parti/s 32, 105, 8;
    %div;
    %assign/vec4 v00000261bd18c940_0, 0;
    %jmp T_8.9;
T_8.8 ;
    %load/vec4 v00000261bd18c4e0_0;
    %parti/s 5, 36, 7;
    %cmpi/e 4, 0, 5;
    %jmp/0xz  T_8.10, 4;
    %load/vec4 v00000261bd18c4e0_0;
    %parti/s 32, 73, 8;
    %load/vec4 v00000261bd18c4e0_0;
    %parti/s 32, 105, 8;
    %mod;
    %assign/vec4 v00000261bd18c940_0, 0;
    %jmp T_8.11;
T_8.10 ;
    %load/vec4 v00000261bd18c4e0_0;
    %parti/s 5, 36, 7;
    %cmpi/e 5, 0, 5;
    %jmp/0xz  T_8.12, 4;
    %load/vec4 v00000261bd18c4e0_0;
    %parti/s 32, 73, 8;
    %load/vec4 v00000261bd18c4e0_0;
    %parti/s 32, 105, 8;
    %sub;
    %assign/vec4 v00000261bd18c940_0, 0;
    %load/vec4 v00000261bd18c940_0;
    %cmpi/e 0, 0, 32;
    %jmp/0xz  T_8.14, 4;
    %pushi/vec4 1, 0, 1;
    %assign/vec4 v00000261bd1ee560_0, 0;
    %jmp T_8.15;
T_8.14 ;
    %pushi/vec4 0, 0, 1;
    %assign/vec4 v00000261bd1ee560_0, 0;
T_8.15 ;
    %load/vec4 v00000261bd18c940_0;
    %parti/s 1, 31, 6;
    %pad/u 32;
    %cmpi/e 0, 0, 32;
    %jmp/0xz  T_8.16, 4;
    %pushi/vec4 1, 0, 1;
    %assign/vec4 v00000261bd1ef0a0_0, 0;
    %jmp T_8.17;
T_8.16 ;
    %pushi/vec4 0, 0, 1;
    %assign/vec4 v00000261bd1ef0a0_0, 0;
T_8.17 ;
    %jmp T_8.13;
T_8.12 ;
    %load/vec4 v00000261bd18c4e0_0;
    %parti/s 5, 36, 7;
    %cmpi/e 6, 0, 5;
    %jmp/0xz  T_8.18, 4;
    %load/vec4 v00000261bd18c4e0_0;
    %parti/s 32, 105, 8;
    %load/vec4 v00000261bd18c4e0_0;
    %parti/s 32, 73, 8;
    %and;
    %assign/vec4 v00000261bd18c940_0, 0;
    %jmp T_8.19;
T_8.18 ;
    %load/vec4 v00000261bd18c4e0_0;
    %parti/s 5, 36, 7;
    %cmpi/e 7, 0, 5;
    %jmp/0xz  T_8.20, 4;
    %load/vec4 v00000261bd18c4e0_0;
    %parti/s 32, 105, 8;
    %load/vec4 v00000261bd18c4e0_0;
    %parti/s 32, 73, 8;
    %or;
    %assign/vec4 v00000261bd18c940_0, 0;
    %jmp T_8.21;
T_8.20 ;
    %load/vec4 v00000261bd18c4e0_0;
    %parti/s 5, 36, 7;
    %cmpi/e 8, 0, 5;
    %jmp/0xz  T_8.22, 4;
    %load/vec4 v00000261bd18c4e0_0;
    %parti/s 32, 105, 8;
    %inv;
    %assign/vec4 v00000261bd18c940_0, 0;
    %jmp T_8.23;
T_8.22 ;
    %load/vec4 v00000261bd18c4e0_0;
    %parti/s 5, 36, 7;
    %cmpi/e 9, 0, 5;
    %jmp/0xz  T_8.24, 4;
    %load/vec4 v00000261bd18c4e0_0;
    %parti/s 32, 105, 8;
    %assign/vec4 v00000261bd18c940_0, 0;
    %jmp T_8.25;
T_8.24 ;
    %load/vec4 v00000261bd18c4e0_0;
    %parti/s 5, 36, 7;
    %cmpi/e 10, 0, 5;
    %jmp/0xz  T_8.26, 4;
    %load/vec4 v00000261bd18c4e0_0;
    %parti/s 32, 73, 8;
    %load/vec4 v00000261bd18c4e0_0;
    %parti/s 32, 105, 8;
    %ix/vec4 4;
    %shiftl 4;
    %assign/vec4 v00000261bd18c940_0, 0;
    %jmp T_8.27;
T_8.26 ;
    %load/vec4 v00000261bd18c4e0_0;
    %parti/s 5, 36, 7;
    %cmpi/e 11, 0, 5;
    %jmp/0xz  T_8.28, 4;
    %load/vec4 v00000261bd18c4e0_0;
    %parti/s 32, 73, 8;
    %load/vec4 v00000261bd18c4e0_0;
    %parti/s 32, 105, 8;
    %ix/vec4 4;
    %shiftr 4;
    %assign/vec4 v00000261bd18c940_0, 0;
    %jmp T_8.29;
T_8.28 ;
    %load/vec4 v00000261bd18c4e0_0;
    %parti/s 5, 36, 7;
    %cmpi/e 12, 0, 5;
    %jmp/0xz  T_8.30, 4;
    %load/vec4 v00000261bd18c4e0_0;
    %parti/s 32, 73, 8;
    %load/vec4 v00000261bd18c4e0_0;
    %parti/s 32, 105, 8;
    %ix/vec4 4;
    %shiftr 4;
    %assign/vec4 v00000261bd18c940_0, 0;
T_8.30 ;
T_8.29 ;
T_8.27 ;
T_8.25 ;
T_8.23 ;
T_8.21 ;
T_8.19 ;
T_8.13 ;
T_8.11 ;
T_8.9 ;
T_8.7 ;
T_8.5 ;
T_8.3 ;
    %load/vec4 v00000261bd18c4e0_0;
    %parti/s 9, 0, 2;
    %ix/load 4, 0, 0;
    %ix/load 5, 0, 0;
    %flag_set/imm 4, 0;
    %assign/vec4/off/d v00000261bd1ee2e0_0, 4, 5;
    %load/vec4 v00000261bd18c4e0_0;
    %parti/s 32, 9, 5;
    %ix/load 4, 9, 0;
    %ix/load 5, 0, 0;
    %flag_set/imm 4, 0;
    %assign/vec4/off/d v00000261bd1ee2e0_0, 4, 5;
    %load/vec4 v00000261bd18c4e0_0;
    %parti/s 32, 41, 7;
    %ix/load 4, 41, 0;
    %ix/load 5, 0, 0;
    %flag_set/imm 4, 0;
    %assign/vec4/off/d v00000261bd1ee2e0_0, 4, 5;
    %load/vec4 v00000261bd18c4e0_0;
    %parti/s 32, 169, 9;
    %ix/load 4, 73, 0;
    %ix/load 5, 0, 0;
    %flag_set/imm 4, 0;
    %assign/vec4/off/d v00000261bd1ee2e0_0, 4, 5;
    %load/vec4 v00000261bd18c4e0_0;
    %parti/s 1, 6, 4;
    %pad/u 32;
    %cmpi/e 1, 0, 32;
    %flag_mov 8, 4;
    %jmp/0 T_8.32, 8;
    %load/vec4 v00000261bd18c4e0_0;
    %parti/s 32, 73, 8;
    %jmp/1 T_8.33, 8;
T_8.32 ; End of true expr.
    %load/vec4 v00000261bd18c4e0_0;
    %parti/s 32, 137, 9;
    %jmp/0 T_8.33, 8;
 ; End of false expr.
    %blend;
T_8.33;
    %assign/vec4 v00000261bd18c300_0, 0;
T_8.0 ;
    %jmp T_8;
    .thread T_8;
    .scope S_00000261bd17dd20;
T_9 ;
    %wait E_00000261bd1874e0;
    %load/vec4 v00000261bd1efa00_0;
    %nor/r;
    %flag_set/vec4 8;
    %jmp/0xz  T_9.0, 8;
    %load/vec4 v00000261bd1ee2e0_0;
    %parti/s 9, 0, 2;
    %ix/load 4, 0, 0;
    %ix/load 5, 0, 0;
    %flag_set/imm 4, 0;
    %assign/vec4/off/d v00000261bd18c1c0_0, 4, 5;
    %load/vec4 v00000261bd1ee2e0_0;
    %parti/s 32, 9, 5;
    %ix/load 4, 9, 0;
    %ix/load 5, 0, 0;
    %flag_set/imm 4, 0;
    %assign/vec4/off/d v00000261bd18c1c0_0, 4, 5;
    %load/vec4 v00000261bd1ee2e0_0;
    %parti/s 32, 41, 7;
    %ix/load 4, 41, 0;
    %ix/load 5, 0, 0;
    %flag_set/imm 4, 0;
    %assign/vec4/off/d v00000261bd18c1c0_0, 4, 5;
    %load/vec4 v00000261bd18c940_0;
    %ix/load 4, 73, 0;
    %ix/load 5, 0, 0;
    %flag_set/imm 4, 0;
    %assign/vec4/off/d v00000261bd18c1c0_0, 4, 5;
    %load/vec4 v00000261bd1ee2e0_0;
    %parti/s 32, 73, 8;
    %ix/load 4, 105, 0;
    %ix/load 5, 0, 0;
    %flag_set/imm 4, 0;
    %assign/vec4/off/d v00000261bd18c1c0_0, 4, 5;
T_9.0 ;
    %jmp T_9;
    .thread T_9;
    .scope S_00000261bd17dd20;
T_10 ;
    %wait E_00000261bd187660;
    %load/vec4 v00000261bd1efa00_0;
    %nor/r;
    %flag_set/vec4 8;
    %jmp/0xz  T_10.0, 8;
    %load/vec4 v00000261bd18c1c0_0;
    %parti/s 9, 0, 2;
    %ix/load 4, 0, 0;
    %ix/load 5, 0, 0;
    %flag_set/imm 4, 0;
    %assign/vec4/off/d v00000261bd1ef3c0_0, 4, 5;
    %load/vec4 v00000261bd18c1c0_0;
    %parti/s 32, 9, 5;
    %ix/load 4, 9, 0;
    %ix/load 5, 0, 0;
    %flag_set/imm 4, 0;
    %assign/vec4/off/d v00000261bd1ef3c0_0, 4, 5;
    %load/vec4 v00000261bd18c1c0_0;
    %parti/s 32, 73, 8;
    %ix/load 4, 41, 0;
    %ix/load 5, 0, 0;
    %flag_set/imm 4, 0;
    %assign/vec4/off/d v00000261bd1ef3c0_0, 4, 5;
    %load/vec4 v00000261bd18c1c0_0;
    %parti/s 32, 105, 8;
    %ix/load 4, 73, 0;
    %ix/load 5, 0, 0;
    %flag_set/imm 4, 0;
    %assign/vec4/off/d v00000261bd1ef3c0_0, 4, 5;
    %load/vec4 v00000261bd18c1c0_0;
    %parti/s 1, 8, 5;
    %flag_set/vec4 8;
    %jmp/0xz  T_10.2, 8;
    %load/vec4 v00000261bd18c1c0_0;
    %parti/s 32, 73, 8;
    %assign/vec4 v00000261bd18c260_0, 0;
    %pushi/vec4 0, 0, 1;
    %assign/vec4 v00000261bd1ef500_0, 0;
    %jmp T_10.3;
T_10.2 ;
    %load/vec4 v00000261bd18c1c0_0;
    %parti/s 1, 7, 4;
    %flag_set/vec4 8;
    %jmp/0xz  T_10.4, 8;
    %load/vec4 v00000261bd18c1c0_0;
    %parti/s 32, 73, 8;
    %assign/vec4 v00000261bd18c800_0, 0;
    %load/vec4 v00000261bd18c1c0_0;
    %parti/s 32, 41, 7;
    %store/vec4 v00000261bd1ef820_0, 0, 32;
    %pushi/vec4 1, 0, 1;
    %assign/vec4 v00000261bd1ef500_0, 0;
    %jmp T_10.5;
T_10.4 ;
    %pushi/vec4 0, 0, 1;
    %assign/vec4 v00000261bd1ef500_0, 0;
    %pushi/vec4 0, 0, 32;
    %assign/vec4 v00000261bd18c800_0, 0;
    %pushi/vec4 0, 0, 32;
    %assign/vec4 v00000261bd1ef820_0, 0;
    %pushi/vec4 0, 0, 32;
    %assign/vec4 v00000261bd18c800_0, 0;
T_10.5 ;
T_10.3 ;
T_10.0 ;
    %jmp T_10;
    .thread T_10;
    .scope S_00000261bd17dd20;
T_11 ;
    %wait E_00000261bd1874e0;
    %load/vec4 v00000261bd1efa00_0;
    %nor/r;
    %flag_set/vec4 8;
    %jmp/0xz  T_11.0, 8;
    %pushi/vec4 0, 0, 1;
    %assign/vec4 v00000261bd1ef500_0, 0;
    %load/vec4 v00000261bd1ef3c0_0;
    %parti/s 9, 0, 2;
    %ix/load 4, 0, 0;
    %ix/load 5, 0, 0;
    %flag_set/imm 4, 0;
    %assign/vec4/off/d v00000261bd18c580_0, 4, 5;
    %load/vec4 v00000261bd1ef3c0_0;
    %parti/s 32, 9, 5;
    %ix/load 4, 9, 0;
    %ix/load 5, 0, 0;
    %flag_set/imm 4, 0;
    %assign/vec4/off/d v00000261bd18c580_0, 4, 5;
    %load/vec4 v00000261bd1ef3c0_0;
    %parti/s 32, 41, 7;
    %ix/load 4, 41, 0;
    %ix/load 5, 0, 0;
    %flag_set/imm 4, 0;
    %assign/vec4/off/d v00000261bd18c580_0, 4, 5;
    %load/vec4 v00000261bd1ef6e0_0;
    %ix/load 4, 73, 0;
    %ix/load 5, 0, 0;
    %flag_set/imm 4, 0;
    %assign/vec4/off/d v00000261bd18c580_0, 4, 5;
    %load/vec4 v00000261bd1ef3c0_0;
    %parti/s 32, 73, 8;
    %ix/load 4, 105, 0;
    %ix/load 5, 0, 0;
    %flag_set/imm 4, 0;
    %assign/vec4/off/d v00000261bd18c580_0, 4, 5;
T_11.0 ;
    %jmp T_11;
    .thread T_11;
    .scope S_00000261bd17dd20;
T_12 ;
    %wait E_00000261bd187660;
    %load/vec4 v00000261bd1efa00_0;
    %nor/r;
    %flag_set/vec4 8;
    %jmp/0xz  T_12.0, 8;
    %load/vec4 v00000261bd18c580_0;
    %parti/s 1, 0, 2;
    %assign/vec4 v00000261bd1ef280_0, 0;
    %load/vec4 v00000261bd18c580_0;
    %parti/s 1, 0, 2;
    %cmpi/e 1, 0, 1;
    %jmp/0xz  T_12.2, 4;
    %load/vec4 v00000261bd18c580_0;
    %parti/s 1, 1, 2;
    %pad/u 32;
    %cmpi/e 1, 0, 32;
    %flag_mov 8, 4;
    %jmp/0 T_12.4, 8;
    %pushi/vec4 15, 0, 5;
    %jmp/1 T_12.5, 8;
T_12.4 ; End of true expr.
    %load/vec4 v00000261bd18c580_0;
    %parti/s 4, 31, 6;
    %pad/u 5;
    %jmp/0 T_12.5, 8;
 ; End of false expr.
    %blend;
T_12.5;
    %pad/u 4;
    %assign/vec4 v00000261bd1eff00_0, 0;
T_12.2 ;
    %load/vec4 v00000261bd18c580_0;
    %parti/s 1, 1, 2;
    %cmpi/e 1, 0, 1;
    %jmp/0xz  T_12.6, 4;
    %load/vec4 v00000261bd18c580_0;
    %parti/s 32, 105, 8;
    %assign/vec4 v00000261bd1efaa0_0, 0;
    %jmp T_12.7;
T_12.6 ;
    %load/vec4 v00000261bd18c580_0;
    %parti/s 1, 8, 5;
    %cmpi/e 1, 0, 1;
    %jmp/0xz  T_12.8, 4;
    %load/vec4 v00000261bd18c580_0;
    %parti/s 32, 73, 8;
    %assign/vec4 v00000261bd1efaa0_0, 0;
    %jmp T_12.9;
T_12.8 ;
    %load/vec4 v00000261bd18c580_0;
    %parti/s 32, 41, 7;
    %assign/vec4 v00000261bd1efaa0_0, 0;
T_12.9 ;
T_12.7 ;
T_12.0 ;
    %jmp T_12;
    .thread T_12;
    .scope S_00000261bd17dd20;
T_13 ;
    %wait E_00000261bd1874e0;
    %load/vec4 v00000261bd1efa00_0;
    %nor/r;
    %flag_set/vec4 8;
    %jmp/0xz  T_13.0, 8;
    %load/vec4 v00000261bd1ef280_0;
    %cmpi/e 1, 0, 1;
    %jmp/0xz  T_13.2, 4;
    %load/vec4 v00000261bd1efaa0_0;
    %load/vec4 v00000261bd1eff00_0;
    %pad/u 6;
    %ix/vec4 3;
    %ix/load 4, 0, 0; Constant delay
    %assign/vec4/a/d v00000261bd1ef960, 0, 4;
T_13.2 ;
T_13.0 ;
    %jmp T_13;
    .thread T_13;
# The file index is used to find the file name in the following table.
:file_names 3;
    "N/A";
    "<interactive>";
    "Risc.v";
